[2025-05-15 16:27:43] ---- Monitoring Started ----
[2025-05-15 16:27:44] CPU: 0.0% | Memory: 36.1% | Disk: 19.7% | Uptime: 1:39:10.867877
[2025-05-15 16:27:55] CPU: 0.0% | Memory: 36.1% | Disk: 19.7% | Uptime: 1:39:21.879502
[2025-05-15 16:28:06] CPU: 0.0% | Memory: 36.1% | Disk: 19.7% | Uptime: 1:39:32.891220
[2025-05-16 07:15:12] ---- Monitoring Started ----
[2025-05-16 07:15:13] CPU: 0.0% | Memory: 32.4% | Disk: 19.7% | Uptime: 0:03:59.881945
[2025-05-16 07:15:24] CPU: 0.0% | Memory: 32.4% | Disk: 19.7% | Uptime: 0:04:10.893598
[2025-05-16 16:14:29] ---- Monitoring Started ----
[2025-05-16 16:14:30] CPU: 0.0% | Memory: 33.3% | Disk: 19.7% | Uptime: 0:01:31.821527
[2025-05-16 16:14:41] CPU: 0.0% | Memory: 33.3% | Disk: 19.7% | Uptime: 0:01:42.833206
[2025-05-16 16:14:52] CPU: 0.0% | Memory: 33.3% | Disk: 19.7% | Uptime: 0:01:53.844893
[2025-05-16 16:29:40] ---- Monitoring Started ----
[2025-05-16 16:29:41] CPU: 50.5% | Memory: 33.5% | Disk: 19.7% | Uptime: 0:16:42.151252
[2025-05-16 16:29:41] ⚠️ High CPU usage! Running dummy restart.
[2025-05-16 16:29:42] ✅ Dummy process restarted.
[2025-05-16 16:29:53] CPU: 50.5% | Memory: 33.5% | Disk: 19.7% | Uptime: 0:16:54.174094
[2025-05-16 16:29:53] ⚠️ High CPU usage! Running dummy restart.
[2025-05-16 16:29:54] ✅ Dummy process restarted.
[2025-05-16 16:30:05] CPU: 50.2% | Memory: 33.5% | Disk: 19.7% | Uptime: 0:17:06.194250
[2025-05-16 16:30:05] ⚠️ High CPU usage! Running dummy restart.
[2025-05-16 16:30:06] ✅ Dummy process restarted.
[2025-05-16 16:30:17] CPU: 50.0% | Memory: 33.5% | Disk: 19.7% | Uptime: 0:17:18.212360
[2025-05-16 16:47:06] CPU: 0.0% | Memory: 33.0% | Disk: 19.8% | Uptime: 0:01:42.893641
[2025-05-16 16:47:06] System is healthy.
[2025-05-16 16:47:17] CPU: 0.0% | Memory: 33.0% | Disk: 19.8% | Uptime: 0:01:53.906016
[2025-05-16 16:47:17] System is healthy.
[2025-05-16 16:47:28] CPU: 0.0% | Memory: 33.0% | Disk: 19.8% | Uptime: 0:02:04.917739
[2025-05-16 16:47:28] System is healthy.
[2025-05-16 16:47:39] CPU: 0.0% | Memory: 33.0% | Disk: 19.8% | Uptime: 0:02:15.929445
[2025-05-16 16:47:39] System is healthy.
[2025-05-16 16:47:50] CPU: 0.0% | Memory: 33.0% | Disk: 19.8% | Uptime: 0:02:26.941270
[2025-05-16 16:47:50] System is healthy.
[2025-05-16 16:48:01] CPU: 0.0% | Memory: 33.2% | Disk: 19.8% | Uptime: 0:02:37.953019
[2025-05-16 16:48:01] System is healthy.
[2025-05-16 16:48:12] CPU: 0.0% | Memory: 33.2% | Disk: 19.8% | Uptime: 0:02:48.964826
[2025-05-16 16:48:12] System is healthy.
[2025-05-16 16:48:23] CPU: 0.0% | Memory: 33.2% | Disk: 19.8% | Uptime: 0:02:59.976520
[2025-05-16 16:48:23] System is healthy.
[2025-05-16 16:48:34] CPU: 0.0% | Memory: 33.2% | Disk: 19.8% | Uptime: 0:03:10.988237
[2025-05-16 16:48:34] System is healthy.
[2025-05-16 16:48:46] CPU: 0.0% | Memory: 33.2% | Disk: 19.8% | Uptime: 0:03:22.000120
[2025-05-16 16:48:46] System is healthy.
[2025-05-16 16:48:57] CPU: 0.0% | Memory: 33.2% | Disk: 19.8% | Uptime: 0:03:33.011916
[2025-05-16 16:48:57] System is healthy.
[2025-05-16 16:49:08] CPU: 0.0% | Memory: 33.2% | Disk: 19.8% | Uptime: 0:03:44.023625
[2025-05-16 16:49:08] System is healthy.
[2025-05-16 16:49:19] CPU: 0.0% | Memory: 33.2% | Disk: 19.8% | Uptime: 0:03:55.034579
[2025-05-16 16:49:19] System is healthy.
[2025-05-16 16:49:30] CPU: 0.0% | Memory: 33.2% | Disk: 19.8% | Uptime: 0:04:06.046317
[2025-05-16 16:49:30] System is healthy.
[2025-05-16 16:50:32] CPU: 0.0% | Memory: 33.2% | Disk: 19.8% | Uptime: 0:05:08.175853
[2025-05-16 16:50:32] System is healthy.
[2025-05-16 16:50:43] CPU: 0.0% | Memory: 33.2% | Disk: 19.8% | Uptime: 0:05:19.187605
[2025-05-16 16:50:43] System is healthy.
[2025-05-16 16:58:25] CPU: 0.0% | Memory: 33.7% | Disk: 19.8% | Uptime: 0:13:01.484415
[2025-05-16 16:58:25] System is healthy.
[2025-05-16 16:58:36] CPU: 0.0% | Memory: 33.7% | Disk: 19.8% | Uptime: 0:13:12.496246
[2025-05-16 16:58:36] System is healthy.
[2025-05-16 16:59:39] CPU: 50.5% | Memory: 34.5% | Disk: 19.8% | Uptime: 0:14:15.985291
[2025-05-16 16:59:39] System is healthy.
[2025-05-16 16:59:50] CPU: 50.7% | Memory: 34.5% | Disk: 19.8% | Uptime: 0:14:26.996071
[2025-05-16 16:59:50] System is healthy.
[2025-05-16 17:00:02] CPU: 50.5% | Memory: 34.5% | Disk: 19.8% | Uptime: 0:14:38.006186
[2025-05-16 17:00:02] System is healthy.
[2025-05-16 17:01:19] CPU: 100.0% | Memory: 35.0% | Disk: 19.8% | Uptime: 0:15:55.032072
[2025-05-16 17:01:19] High CPU usage! Running dummy restart.
[2025-05-16 17:01:20] Dummy process restarted.
[2025-05-16 17:01:31] CPU: 100.0% | Memory: 35.0% | Disk: 19.8% | Uptime: 0:16:07.046282
[2025-05-16 17:01:31] High CPU usage! Running dummy restart.
[2025-05-16 17:01:32] Dummy process restarted.
[2025-05-16 17:01:43] CPU: 0.0% | Memory: 35.0% | Disk: 19.8% | Uptime: 0:16:19.055994
[2025-05-16 17:01:43] System is healthy.
[2025-05-16 17:01:54] CPU: 0.0% | Memory: 35.0% | Disk: 19.8% | Uptime: 0:16:30.067748
[2025-05-16 17:01:54] System is healthy.
[2025-05-16 17:02:05] CPU: 0.0% | Memory: 35.0% | Disk: 19.8% | Uptime: 0:16:41.075892
[2025-05-16 17:02:05] System is healthy.
